26-May-2020 17:16:39.125 INFO [main] org.apache.catalina.startup.VersionLoggerListener.log Server version name:   Apache Tomcat/9.0.33
26-May-2020 17:16:39.127 INFO [main] org.apache.catalina.startup.VersionLoggerListener.log Server built:          Mar 11 2020 09:31:38 UTC
26-May-2020 17:16:39.128 INFO [main] org.apache.catalina.startup.VersionLoggerListener.log Server version number: 9.0.33.0
26-May-2020 17:16:39.128 INFO [main] org.apache.catalina.startup.VersionLoggerListener.log OS Name:               Mac OS X
26-May-2020 17:16:39.128 INFO [main] org.apache.catalina.startup.VersionLoggerListener.log OS Version:            10.14.6
26-May-2020 17:16:39.128 INFO [main] org.apache.catalina.startup.VersionLoggerListener.log Architecture:          x86_64
26-May-2020 17:16:39.128 INFO [main] org.apache.catalina.startup.VersionLoggerListener.log Java Home:             /Library/Java/JavaVirtualMachines/jdk1.8.0_221.jdk/Contents/Home/jre
26-May-2020 17:16:39.129 INFO [main] org.apache.catalina.startup.VersionLoggerListener.log JVM Version:           1.8.0_221-b11
26-May-2020 17:16:39.129 INFO [main] org.apache.catalina.startup.VersionLoggerListener.log JVM Vendor:            Oracle Corporation
26-May-2020 17:16:39.129 INFO [main] org.apache.catalina.startup.VersionLoggerListener.log CATALINA_BASE:         /Applications/tomcat
26-May-2020 17:16:39.129 INFO [main] org.apache.catalina.startup.VersionLoggerListener.log CATALINA_HOME:         /Applications/tomcat
26-May-2020 17:16:39.137 INFO [main] org.apache.catalina.startup.VersionLoggerListener.log Command line argument: -Djava.util.logging.config.file=/Applications/tomcat/conf/logging.properties
26-May-2020 17:16:39.137 INFO [main] org.apache.catalina.startup.VersionLoggerListener.log Command line argument: -Djava.util.logging.manager=org.apache.juli.ClassLoaderLogManager
26-May-2020 17:16:39.137 INFO [main] org.apache.catalina.startup.VersionLoggerListener.log Command line argument: -Djdk.tls.ephemeralDHKeySize=2048
26-May-2020 17:16:39.137 INFO [main] org.apache.catalina.startup.VersionLoggerListener.log Command line argument: -Djava.protocol.handler.pkgs=org.apache.catalina.webresources
26-May-2020 17:16:39.137 INFO [main] org.apache.catalina.startup.VersionLoggerListener.log Command line argument: -Dorg.apache.catalina.security.SecurityListener.UMASK=0027
26-May-2020 17:16:39.137 INFO [main] org.apache.catalina.startup.VersionLoggerListener.log Command line argument: -Dignore.endorsed.dirs=
26-May-2020 17:16:39.137 INFO [main] org.apache.catalina.startup.VersionLoggerListener.log Command line argument: -Dcatalina.base=/Applications/tomcat
26-May-2020 17:16:39.138 INFO [main] org.apache.catalina.startup.VersionLoggerListener.log Command line argument: -Dcatalina.home=/Applications/tomcat
26-May-2020 17:16:39.138 INFO [main] org.apache.catalina.startup.VersionLoggerListener.log Command line argument: -Djava.io.tmpdir=/Applications/tomcat/temp
26-May-2020 17:16:39.139 INFO [main] org.apache.catalina.core.AprLifecycleListener.lifecycleEvent The APR based Apache Tomcat Native library which allows optimal performance in production environments was not found on the java.library.path: [/Users/ericliao/Library/Java/Extensions:/Library/Java/Extensions:/Network/Library/Java/Extensions:/System/Library/Java/Extensions:/usr/lib/java:.]
26-May-2020 17:16:39.653 INFO [main] org.apache.coyote.AbstractProtocol.init Initializing ProtocolHandler ["http-nio-8080"]
26-May-2020 17:16:39.693 INFO [main] org.apache.catalina.startup.Catalina.load Server initialization in [942] milliseconds
26-May-2020 17:16:39.752 INFO [main] org.apache.catalina.core.StandardService.startInternal Starting service [Catalina]
26-May-2020 17:16:39.754 INFO [main] org.apache.catalina.core.StandardEngine.startInternal Starting Servlet engine: [Apache Tomcat/9.0.33]
26-May-2020 17:16:39.768 INFO [main] org.apache.catalina.startup.HostConfig.deployDirectory Deploying web application directory [/Applications/tomcat/webapps/adap_compound_db_war]
26-May-2020 17:16:45.035 INFO [main] org.apache.jasper.servlet.TldScanner.scanJars At least one JAR was scanned for TLDs yet contained no TLDs. Enable debug logging for this logger for a complete list of JARs that were scanned but no TLDs were found in them. Skipping unneeded JARs during scanning can improve startup time and JSP compilation time.
26-May-2020 17:17:01.207 INFO [main] org.apache.catalina.startup.HostConfig.deployDirectory Deployment of web application directory [/Applications/tomcat/webapps/adap_compound_db_war] has finished in [21,439] ms
26-May-2020 17:17:01.208 INFO [main] org.apache.catalina.startup.HostConfig.deployDirectory Deploying web application directory [/Applications/tomcat/webapps/docs]
26-May-2020 17:17:01.451 INFO [main] org.apache.jasper.servlet.TldScanner.scanJars At least one JAR was scanned for TLDs yet contained no TLDs. Enable debug logging for this logger for a complete list of JARs that were scanned but no TLDs were found in them. Skipping unneeded JARs during scanning can improve startup time and JSP compilation time.
26-May-2020 17:17:01.454 INFO [main] org.apache.catalina.startup.HostConfig.deployDirectory Deployment of web application directory [/Applications/tomcat/webapps/docs] has finished in [246] ms
26-May-2020 17:17:01.454 INFO [main] org.apache.catalina.startup.HostConfig.deployDirectory Deploying web application directory [/Applications/tomcat/webapps/manager]
26-May-2020 17:17:01.755 INFO [main] org.apache.jasper.servlet.TldScanner.scanJars At least one JAR was scanned for TLDs yet contained no TLDs. Enable debug logging for this logger for a complete list of JARs that were scanned but no TLDs were found in them. Skipping unneeded JARs during scanning can improve startup time and JSP compilation time.
26-May-2020 17:17:01.762 INFO [main] org.apache.catalina.startup.HostConfig.deployDirectory Deployment of web application directory [/Applications/tomcat/webapps/manager] has finished in [307] ms
26-May-2020 17:17:01.762 INFO [main] org.apache.catalina.startup.HostConfig.deployDirectory Deploying web application directory [/Applications/tomcat/webapps/examples]
26-May-2020 17:17:02.288 INFO [main] org.apache.jasper.servlet.TldScanner.scanJars At least one JAR was scanned for TLDs yet contained no TLDs. Enable debug logging for this logger for a complete list of JARs that were scanned but no TLDs were found in them. Skipping unneeded JARs during scanning can improve startup time and JSP compilation time.
26-May-2020 17:17:02.311 INFO [main] org.apache.catalina.startup.HostConfig.deployDirectory Deployment of web application directory [/Applications/tomcat/webapps/examples] has finished in [549] ms
26-May-2020 17:17:02.312 INFO [main] org.apache.catalina.startup.HostConfig.deployDirectory Deploying web application directory [/Applications/tomcat/webapps/ROOT]
26-May-2020 17:17:06.669 INFO [main] org.apache.jasper.servlet.TldScanner.scanJars At least one JAR was scanned for TLDs yet contained no TLDs. Enable debug logging for this logger for a complete list of JARs that were scanned but no TLDs were found in them. Skipping unneeded JARs during scanning can improve startup time and JSP compilation time.
26-May-2020 17:17:20.990 INFO [main] org.apache.catalina.startup.HostConfig.deployDirectory Deployment of web application directory [/Applications/tomcat/webapps/ROOT] has finished in [18,679] ms
26-May-2020 17:17:20.991 INFO [main] org.apache.catalina.startup.HostConfig.deployDirectory Deploying web application directory [/Applications/tomcat/webapps/host-manager]
26-May-2020 17:17:21.211 INFO [main] org.apache.jasper.servlet.TldScanner.scanJars At least one JAR was scanned for TLDs yet contained no TLDs. Enable debug logging for this logger for a complete list of JARs that were scanned but no TLDs were found in them. Skipping unneeded JARs during scanning can improve startup time and JSP compilation time.
26-May-2020 17:17:21.216 INFO [main] org.apache.catalina.startup.HostConfig.deployDirectory Deployment of web application directory [/Applications/tomcat/webapps/host-manager] has finished in [224] ms
26-May-2020 17:17:21.220 INFO [main] org.apache.coyote.AbstractProtocol.start Starting ProtocolHandler ["http-nio-8080"]
26-May-2020 17:17:21.235 INFO [main] org.apache.catalina.startup.Catalina.start Server startup in [41,539] milliseconds
26-May-2020 17:18:28.257 INFO [http-nio-8080-exec-3] org.apache.catalina.startup.HostConfig.deployWAR Deploying web application archive [/Applications/tomcat/webapps/adap_compound_db_war#.war]
26-May-2020 17:18:28.258 WARNING [http-nio-8080-exec-3] org.apache.catalina.core.StandardContext.setPath A context path must either be an empty string or start with a '/' and do not end with a '/'. The path [/adap_compound_db_war/] does not meet these criteria and has been changed to [/adap_compound_db_war]
26-May-2020 17:18:28.266 INFO [http-nio-8080-exec-3] org.apache.catalina.startup.ExpandWar.expand An expanded directory [/Applications/tomcat/webapps/adap_compound_db_war] was found with a last modified time that did not match the associated WAR. It will be deleted.
26-May-2020 17:18:31.258 INFO [Catalina-utility-1] org.apache.catalina.startup.HostConfig.reload Reloading context [/adap_compound_db_war]
26-May-2020 17:18:31.259 INFO [Catalina-utility-1] org.apache.catalina.core.StandardContext.reload Reloading Context with name [/adap_compound_db_war] has started
26-May-2020 17:18:31.307 WARNING [Catalina-utility-1] org.apache.catalina.loader.WebappClassLoaderBase.clearReferencesThreads The web application [adap_compound_db_war] appears to have started a thread named [mysql-cj-abandoned-connection-cleanup] but has failed to stop it. This is very likely to create a memory leak. Stack trace of thread:
 java.lang.Object.wait(Native Method)
 java.lang.ref.ReferenceQueue.remove(ReferenceQueue.java:144)
 com.mysql.cj.jdbc.AbandonedConnectionCleanupThread.run(AbandonedConnectionCleanupThread.java:85)
 java.util.concurrent.ThreadPoolExecutor.runWorker(ThreadPoolExecutor.java:1149)
 java.util.concurrent.ThreadPoolExecutor$Worker.run(ThreadPoolExecutor.java:624)
 java.lang.Thread.run(Thread.java:748)
26-May-2020 17:18:31.709 INFO [http-nio-8080-exec-3] org.apache.jasper.servlet.TldScanner.scanJars At least one JAR was scanned for TLDs yet contained no TLDs. Enable debug logging for this logger for a complete list of JARs that were scanned but no TLDs were found in them. Skipping unneeded JARs during scanning can improve startup time and JSP compilation time.
26-May-2020 17:18:33.817 INFO [Catalina-utility-1] org.apache.jasper.servlet.TldScanner.scanJars At least one JAR was scanned for TLDs yet contained no TLDs. Enable debug logging for this logger for a complete list of JARs that were scanned but no TLDs were found in them. Skipping unneeded JARs during scanning can improve startup time and JSP compilation time.
26-May-2020 17:18:36.310 INFO [mysql-cj-abandoned-connection-cleanup] org.apache.catalina.loader.WebappClassLoaderBase.checkStateForResourceLoading Illegal access: this web application instance has been stopped already. Could not load []. The following stack trace is thrown for debugging purposes as well as to attempt to terminate the thread which caused the illegal access.
	java.lang.IllegalStateException: Illegal access: this web application instance has been stopped already. Could not load []. The following stack trace is thrown for debugging purposes as well as to attempt to terminate the thread which caused the illegal access.
		at org.apache.catalina.loader.WebappClassLoaderBase.checkStateForResourceLoading(WebappClassLoaderBase.java:1385)
		at org.apache.catalina.loader.WebappClassLoaderBase.getResource(WebappClassLoaderBase.java:1038)
		at com.mysql.cj.jdbc.AbandonedConnectionCleanupThread.checkThreadContextClassLoader(AbandonedConnectionCleanupThread.java:117)
		at com.mysql.cj.jdbc.AbandonedConnectionCleanupThread.run(AbandonedConnectionCleanupThread.java:84)
		at java.util.concurrent.ThreadPoolExecutor.runWorker(ThreadPoolExecutor.java:1149)
		at java.util.concurrent.ThreadPoolExecutor$Worker.run(ThreadPoolExecutor.java:624)
		at java.lang.Thread.run(Thread.java:748)
26-May-2020 17:18:45.650 INFO [http-nio-8080-exec-3] org.apache.catalina.startup.HostConfig.deployWAR Deployment of web application archive [/Applications/tomcat/webapps/adap_compound_db_war#.war] has finished in [17,392] ms
26-May-2020 17:18:51.642 INFO [Catalina-utility-1] org.apache.catalina.core.StandardContext.reload Reloading Context with name [/adap_compound_db_war] is completed
